<?xml version="1.0" encoding="UTF-8"?>
<!-- Generated by org.testng.reporters.JUnitXMLReporter -->
<testsuite hostname="LAPTOP-N7BC07S3" ignored="0" name="instance" tests="3" failures="2" timestamp="29 Jul 2021 19:31:31 GMT" time="28.792" errors="0">
  <testcase name="googleSearchTest" time="4.731" classname="com.Demoproject.Tests.SearchTest"/>
  <testcase name="googleSearchTest" time="5.145" classname="com.Demoproject.Tests.SearchTest">
    <failure type="java.lang.AssertionError" message="First term is not displaying as expected expected [Selenium] but found [Prachi Desai (@prachidesai) • Instagram photos and videos]">
      <![CDATA[java.lang.AssertionError: First term is not displaying as expected expected [Selenium] but found [Prachi Desai (@prachidesai) • Instagram photos and videos]
at com.Demoproject.Pages.HomePage.validateExpectedContent(HomePage.java:39)
at com.Demoproject.Tests.SearchTest.googleSearchTest(SearchTest.java:51)
... Removed 30 stack frames]]>
    </failure>
  </testcase> <!-- googleSearchTest -->
  <testcase name="googleSearchTest" time="4.548" classname="com.Demoproject.Tests.SearchTest">
    <failure type="java.lang.AssertionError" message="First term is not displaying as expected expected [Selenium] but found [Yadav - Wikipedia]">
      <![CDATA[java.lang.AssertionError: First term is not displaying as expected expected [Selenium] but found [Yadav - Wikipedia]
at com.Demoproject.Pages.HomePage.validateExpectedContent(HomePage.java:39)
at com.Demoproject.Tests.SearchTest.googleSearchTest(SearchTest.java:51)
... Removed 30 stack frames]]>
    </failure>
  </testcase> <!-- googleSearchTest -->
</testsuite> <!-- instance -->
