<?xml version="1.0" encoding="UTF-8"?>
<testng-results skipped="0" failed="1" ignored="1" total="2" passed="0">
  <reporter-output>
  </reporter-output>
  <suite name="Suite" duration-ms="35939" started-at="2021-07-31T18:45:48Z" finished-at="2021-07-31T18:46:24Z">
    <groups>
      <group name="smoke">
        <method signature="SearchTest.googleSearchTest_2(java.util.Map)[pri:0, instance:com.Demoproject.Tests.SearchTest@7b227d8d]" name="googleSearchTest_2" class="com.Demoproject.Tests.SearchTest"/>
      </group> <!-- smoke -->
    </groups>
    <test name="Test" duration-ms="35939" started-at="2021-07-31T18:45:48Z" finished-at="2021-07-31T18:46:24Z">
      <class name="com.Demoproject.Tests.SearchTest">
        <test-method status="PASS" signature="beforeClass()[pri:0, instance:com.Demoproject.Tests.SearchTest@7b227d8d]" name="beforeClass" is-config="true" duration-ms="582" started-at="2021-07-31T18:45:48Z" finished-at="2021-07-31T18:45:48Z">
          <reporter-output>
          </reporter-output>
        </test-method> <!-- beforeClass -->
        <test-method status="PASS" signature="setup()[pri:0, instance:com.Demoproject.Tests.SearchTest@7b227d8d]" name="setup" is-config="true" duration-ms="21178" started-at="2021-07-31T18:45:48Z" finished-at="2021-07-31T18:46:10Z">
          <reporter-output>
          </reporter-output>
        </test-method> <!-- setup -->
        <test-method status="FAIL" signature="googleSearchTest_2(java.util.Map)[pri:0, instance:com.Demoproject.Tests.SearchTest@7b227d8d]" name="googleSearchTest_2" duration-ms="12273" started-at="2021-07-31T18:46:10Z" data-provider="data-provider" finished-at="2021-07-31T18:46:22Z">
          <params>
            <param index="0">
              <value>
                <![CDATA[{ExpectedContent=Seleniumm, Title=Google, Execute=Y, URL=https://www.google.com, SearchContent=Selenium}]]>
              </value>
            </param>
          </params>
          <exception class="java.lang.AssertionError">
            <message>
              <![CDATA[First term is not displaying as expected expected [Seleniumm] but found [Selenium]]]>
            </message>
            <full-stacktrace>
              <![CDATA[java.lang.AssertionError: First term is not displaying as expected expected [Seleniumm] but found [Selenium]
at org.testng.Assert.fail(Assert.java:96)
at org.testng.Assert.failNotEquals(Assert.java:776)
at org.testng.Assert.assertEqualsImpl(Assert.java:137)
at org.testng.Assert.assertEquals(Assert.java:118)
at org.testng.Assert.assertEquals(Assert.java:453)
at com.Demoproject.Pages.GoogleHomePage.validateExpectedContent(GoogleHomePage.java:49)
at com.Demoproject.Tests.SearchTest.googleSearchTest_2(SearchTest.java:56)
at sun.reflect.NativeMethodAccessorImpl.invoke0(Native Method)
at sun.reflect.NativeMethodAccessorImpl.invoke(NativeMethodAccessorImpl.java:62)
at sun.reflect.DelegatingMethodAccessorImpl.invoke(DelegatingMethodAccessorImpl.java:43)
at java.lang.reflect.Method.invoke(Method.java:498)
at org.testng.internal.MethodInvocationHelper.invokeMethod(MethodInvocationHelper.java:124)
at org.testng.internal.Invoker.invokeMethod(Invoker.java:583)
at org.testng.internal.Invoker.invokeTestMethod(Invoker.java:719)
at org.testng.internal.Invoker.invokeTestMethods(Invoker.java:989)
at org.testng.internal.TestMethodWorker.invokeTestMethods(TestMethodWorker.java:125)
at org.testng.internal.TestMethodWorker.run(TestMethodWorker.java:109)
at org.testng.TestRunner.privateRun(TestRunner.java:648)
at org.testng.TestRunner.run(TestRunner.java:505)
at org.testng.SuiteRunner.runTest(SuiteRunner.java:455)
at org.testng.SuiteRunner.runSequentially(SuiteRunner.java:450)
at org.testng.SuiteRunner.privateRun(SuiteRunner.java:415)
at org.testng.SuiteRunner.run(SuiteRunner.java:364)
at org.testng.SuiteRunnerWorker.runSuite(SuiteRunnerWorker.java:52)
at org.testng.SuiteRunnerWorker.run(SuiteRunnerWorker.java:84)
at org.testng.TestNG.runSuitesSequentially(TestNG.java:1208)
at org.testng.TestNG.runSuitesLocally(TestNG.java:1137)
at org.testng.TestNG.runSuites(TestNG.java:1049)
at org.testng.TestNG.run(TestNG.java:1017)
at org.testng.remote.AbstractRemoteTestNG.run(AbstractRemoteTestNG.java:114)
at org.testng.remote.RemoteTestNG.initAndRun(RemoteTestNG.java:251)
at org.testng.remote.RemoteTestNG.main(RemoteTestNG.java:77)
]]>
            </full-stacktrace>
          </exception> <!-- java.lang.AssertionError -->
          <reporter-output>
          </reporter-output>
        </test-method> <!-- googleSearchTest_2 -->
        <test-method status="PASS" signature="teardwn()[pri:0, instance:com.Demoproject.Tests.SearchTest@7b227d8d]" name="teardwn" is-config="true" duration-ms="943" started-at="2021-07-31T18:46:23Z" finished-at="2021-07-31T18:46:24Z">
          <reporter-output>
          </reporter-output>
        </test-method> <!-- teardwn -->
      </class> <!-- com.Demoproject.Tests.SearchTest -->
    </test> <!-- Test -->
  </suite> <!-- Suite -->
</testng-results>
